Traceback (most recent call last):
  File "C:\Users\lociuser\code\jenu\.venv\Lib\site-packages\numpy\_core\__init__.py", line 23, in <module>
    from . import multiarray
  File "C:\Users\lociuser\code\jenu\.venv\Lib\site-packages\numpy\_core\multiarray.py", line 10, in <module>
    from . import overrides
  File "C:\Users\lociuser\code\jenu\.venv\Lib\site-packages\numpy\_core\overrides.py", line 7, in <module>
    from numpy._core._multiarray_umath import (
        add_docstring,  _get_implementing_args, _ArrayFunctionDispatcher)
ModuleNotFoundError: No module named 'numpy._core._multiarray_umath'

During handling of the above exception, another exception occurred:

Traceback (most recent call last):
  File "C:\Users\lociuser\code\jenu\.venv\Lib\site-packages\numpy\__init__.py", line 127, in <module>
    from numpy.__config__ import show_config
  File "C:\Users\lociuser\code\jenu\.venv\Lib\site-packages\numpy\__config__.py", line 4, in <module>
    from numpy._core._multiarray_umath import (
    ...<3 lines>...
    )
  File "C:\Users\lociuser\code\jenu\.venv\Lib\site-packages\numpy\_core\__init__.py", line 49, in <module>
    raise ImportError(msg)
ImportError: 

IMPORTANT: PLEASE READ THIS FOR ADVICE ON HOW TO SOLVE THIS ISSUE!

Importing the numpy C-extensions failed. This error can happen for
many reasons, often due to issues with your setup or how NumPy was
installed.

We have compiled some common reasons and troubleshooting tips at:

    https://numpy.org/devdocs/user/troubleshooting-importerror.html

Please note and check the following:

  * The Python version is: Python3.13 from "C:\Users\lociuser\scoop\apps\python\current\python.exe"
  * The NumPy version is: "2.2.5"

and make sure that they are the versions you expect.
Please carefully study the documentation linked above for further help.

Original error was: No module named 'numpy._core._multiarray_umath'


The above exception was the direct cause of the following exception:

Traceback (most recent call last):
  File "C:\Users\lociuser\code\jenu\live_FLIM\examples\marimo-streamer.py", line 62, in <module>
    import numpy as np
  File "C:\Users\lociuser\code\jenu\.venv\Lib\site-packages\numpy\__init__.py", line 132, in <module>
    raise ImportError(msg) from e
ImportError: Error importing numpy: you should not try to import numpy from
        its source directory; please exit the numpy source tree, and relaunch
        your python interpreter from there.
